  Vector2.cpp
  Vector3.cpp
  AnimatedSprite.cpp
  ASCIIRenderer.cpp
Core\Renderer\ASCIIRenderer.cpp(59): warning C4838: conversion from 'int' to 'SHORT' requires a narrowing conversion
Core\Renderer\ASCIIRenderer.cpp(60): warning C4838: conversion from 'int' to 'SHORT' requires a narrowing conversion
Core\Renderer\ASCIIRenderer.cpp(90): warning C4838: conversion from 'int' to 'SHORT' requires a narrowing conversion
Core\Renderer\ASCIIRenderer.cpp(92): warning C4838: conversion from 'int' to 'SHORT' requires a narrowing conversion
  Sprite.cpp
  Game.cpp
Game\Game.cpp(71): warning C4244: 'argument': conversion from 'float' to 'int', possible loss of data
Game\Game.cpp(163): warning C4244: 'argument': conversion from 'float' to 'int', possible loss of data
  Ball.cpp
  Block.cpp
  EnemyArmy.cpp
Game\GameObjects\EnemyArmy.cpp(95): warning C4244: 'argument': conversion from 'float' to 'int', possible loss of data
  EnemyShip.cpp
  Missile.cpp
  Net.cpp
  PlayerShip.cpp
  ScoreDisplay.cpp
  Main.cpp
  Generating code
  All 95 functions were compiled because no usable IPDB/IOBJ from previous compilation was found.
  Finished generating code
  ASCII_INVADERS.vcxproj -> C:\Users\Tumble\Documents\Visual Studio 2017\Projects\ASCII Game\x64\Release\ASCII_INVADERS.exe
