c:\users\tumble\documents\visual studio 2017\projects\ascii game\ascii_game\debug\vc141.pdb
c:\users\tumble\documents\visual studio 2017\projects\ascii game\ascii_game\debug\vc141.idb
c:\users\tumble\documents\visual studio 2017\projects\ascii game\ascii_game\debug\vector2.obj
c:\users\tumble\documents\visual studio 2017\projects\ascii game\ascii_game\debug\vector3.obj
c:\users\tumble\documents\visual studio 2017\projects\ascii game\ascii_game\debug\asciirenderer.obj
c:\users\tumble\documents\visual studio 2017\projects\ascii game\ascii_game\debug\game.obj
c:\users\tumble\documents\visual studio 2017\projects\ascii game\ascii_game\debug\main.obj
c:\users\tumble\documents\visual studio 2017\projects\ascii game\ascii_game\debug\animatedsprite.obj
c:\users\tumble\documents\visual studio 2017\projects\ascii game\ascii_game\debug\sprite.obj
c:\users\tumble\documents\visual studio 2017\projects\ascii game\ascii_game\debug\scoredisplay.obj
c:\users\tumble\documents\visual studio 2017\projects\ascii game\ascii_game\debug\gameobject.obj
c:\users\tumble\documents\visual studio 2017\projects\ascii game\ascii_game\debug\objectball.obj
c:\users\tumble\documents\visual studio 2017\projects\ascii game\ascii_game\debug\playerpaddle.obj
c:\users\tumble\documents\visual studio 2017\projects\ascii game\debug\ascii_game.pdb
c:\users\tumble\documents\visual studio 2017\projects\ascii game\ascii_game\debug\ascii_game.tlog\cl.command.1.tlog
c:\users\tumble\documents\visual studio 2017\projects\ascii game\ascii_game\debug\ascii_game.tlog\cl.read.1.tlog
c:\users\tumble\documents\visual studio 2017\projects\ascii game\ascii_game\debug\ascii_game.tlog\cl.write.1.tlog
c:\users\tumble\documents\visual studio 2017\projects\ascii game\ascii_game\debug\ascii_game.tlog\link-cvtres.read.1.tlog
c:\users\tumble\documents\visual studio 2017\projects\ascii game\ascii_game\debug\ascii_game.tlog\link-cvtres.write.1.tlog
c:\users\tumble\documents\visual studio 2017\projects\ascii game\ascii_game\debug\ascii_game.tlog\link-rc.read.1.tlog
c:\users\tumble\documents\visual studio 2017\projects\ascii game\ascii_game\debug\ascii_game.tlog\link-rc.write.1.tlog
c:\users\tumble\documents\visual studio 2017\projects\ascii game\ascii_game\debug\ascii_game.tlog\link.command.1.tlog
c:\users\tumble\documents\visual studio 2017\projects\ascii game\ascii_game\debug\ascii_game.tlog\link.read.1.tlog
c:\users\tumble\documents\visual studio 2017\projects\ascii game\ascii_game\debug\ascii_game.tlog\link.write.1.tlog
