  Main.cpp
  ScoreDisplay.cpp
  PlayerShip.cpp
  Net.cpp
  Missile.cpp
  EnemyShip.cpp
  EnemyArmy.cpp
c:\users\tumble\documents\visual studio 2017\projects\ascii game\ascii_invaders\game\gameobjects\enemyarmy.cpp(95): warning C4244: 'argument': conversion from 'float' to 'int', possible loss of data
  Block.cpp
  Ball.cpp
  Game.cpp
c:\users\tumble\documents\visual studio 2017\projects\ascii game\ascii_invaders\game\game.cpp(71): warning C4244: 'argument': conversion from 'float' to 'int', possible loss of data
c:\users\tumble\documents\visual studio 2017\projects\ascii game\ascii_invaders\game\game.cpp(163): warning C4244: 'argument': conversion from 'float' to 'int', possible loss of data
  Sprite.cpp
  ASCIIRenderer.cpp
c:\users\tumble\documents\visual studio 2017\projects\ascii game\ascii_invaders\core\renderer\asciirenderer.cpp(59): warning C4838: conversion from 'int' to 'SHORT' requires a narrowing conversion
c:\users\tumble\documents\visual studio 2017\projects\ascii game\ascii_invaders\core\renderer\asciirenderer.cpp(60): warning C4838: conversion from 'int' to 'SHORT' requires a narrowing conversion
c:\users\tumble\documents\visual studio 2017\projects\ascii game\ascii_invaders\core\renderer\asciirenderer.cpp(90): warning C4838: conversion from 'int' to 'SHORT' requires a narrowing conversion
c:\users\tumble\documents\visual studio 2017\projects\ascii game\ascii_invaders\core\renderer\asciirenderer.cpp(92): warning C4838: conversion from 'int' to 'SHORT' requires a narrowing conversion
  AnimatedSprite.cpp
  Vector3.cpp
  Vector2.cpp
  Generating Code...
  ASCII_INVADERS.vcxproj -> C:\Users\Tumble\Documents\Visual Studio 2017\Projects\ASCII Game\x64\Debug\ASCII_INVADERS.exe
