C:\Program Files (x86)\Microsoft Visual Studio\2017\Community\Common7\IDE\VC\VCTargets\Microsoft.CppBuild.targets(387,5): warning MSB8028: The intermediate directory (Debug\) contains files shared from another project (ASCII_GAME.vcxproj).  This can lead to incorrect clean and rebuild behavior.
  Main.cpp
  ScoreDisplay.cpp
  PlayerShip.cpp
  Net.cpp
  Missile.cpp
  EnemyShip.cpp
  EnemyArmy.cpp
c:\users\tumble\documents\visual studio 2017\projects\ascii game\ascii_invaders\game\gameobjects\enemyarmy.cpp(95): warning C4244: 'argument': conversion from 'float' to 'int', possible loss of data
  Block.cpp
  Ball.cpp
  Game.cpp
c:\users\tumble\documents\visual studio 2017\projects\ascii game\ascii_invaders\game\game.cpp(71): warning C4244: 'argument': conversion from 'float' to 'int', possible loss of data
c:\users\tumble\documents\visual studio 2017\projects\ascii game\ascii_invaders\game\game.cpp(163): warning C4244: 'argument': conversion from 'float' to 'int', possible loss of data
c:\users\tumble\documents\visual studio 2017\projects\ascii game\ascii_invaders\game\game.cpp(186): warning C4018: '<': signed/unsigned mismatch
c:\users\tumble\documents\visual studio 2017\projects\ascii game\ascii_invaders\game\game.cpp(191): warning C4018: '<': signed/unsigned mismatch
c:\users\tumble\documents\visual studio 2017\projects\ascii game\ascii_invaders\game\game.cpp(284): warning C4018: '<': signed/unsigned mismatch
  Sprite.cpp
  ASCIIRenderer.cpp
c:\users\tumble\documents\visual studio 2017\projects\ascii game\ascii_invaders\core\renderer\asciirenderer.cpp(59): warning C4838: conversion from 'int' to 'SHORT' requires a narrowing conversion
c:\users\tumble\documents\visual studio 2017\projects\ascii game\ascii_invaders\core\renderer\asciirenderer.cpp(60): warning C4838: conversion from 'int' to 'SHORT' requires a narrowing conversion
c:\users\tumble\documents\visual studio 2017\projects\ascii game\ascii_invaders\core\renderer\asciirenderer.cpp(90): warning C4838: conversion from 'int' to 'SHORT' requires a narrowing conversion
c:\users\tumble\documents\visual studio 2017\projects\ascii game\ascii_invaders\core\renderer\asciirenderer.cpp(92): warning C4838: conversion from 'int' to 'SHORT' requires a narrowing conversion
  AnimatedSprite.cpp
  Vector3.cpp
  Vector2.cpp
  Generating Code...
  ASCII_INVADERS.vcxproj -> C:\Users\Tumble\Documents\Visual Studio 2017\Projects\ASCII Game\Debug\ASCII_INVADERS.exe
