c:\p4\ascii invaders\ascii_game\ascii_game\debug\vc141.pdb
c:\p4\ascii invaders\ascii_game\ascii_game\debug\vc141.idb
c:\p4\ascii invaders\ascii_game\ascii_game\debug\vector2.obj
c:\p4\ascii invaders\ascii_game\ascii_game\debug\asciirenderer.obj
c:\p4\ascii invaders\ascii_game\ascii_game\debug\sprite.obj
c:\p4\ascii invaders\ascii_game\ascii_game\debug\game.obj
c:\p4\ascii invaders\ascii_game\ascii_game\debug\ball.obj
c:\p4\ascii invaders\ascii_game\ascii_game\debug\block.obj
c:\p4\ascii invaders\ascii_game\ascii_game\debug\net.obj
c:\p4\ascii invaders\ascii_game\ascii_game\debug\playership.obj
c:\p4\ascii invaders\ascii_game\ascii_game\debug\main.obj
c:\p4\ascii invaders\ascii_game\debug\ascii_game.pdb
c:\p4\ascii invaders\ascii_game\ascii_game\debug\ascii_game.tlog\cl.command.1.tlog
c:\p4\ascii invaders\ascii_game\ascii_game\debug\ascii_game.tlog\cl.read.1.tlog
c:\p4\ascii invaders\ascii_game\ascii_game\debug\ascii_game.tlog\cl.write.1.tlog
c:\p4\ascii invaders\ascii_game\ascii_game\debug\ascii_game.tlog\link-cvtres.read.1.tlog
c:\p4\ascii invaders\ascii_game\ascii_game\debug\ascii_game.tlog\link-cvtres.write.1.tlog
c:\p4\ascii invaders\ascii_game\ascii_game\debug\ascii_game.tlog\link-rc.read.1.tlog
c:\p4\ascii invaders\ascii_game\ascii_game\debug\ascii_game.tlog\link-rc.write.1.tlog
c:\p4\ascii invaders\ascii_game\ascii_game\debug\ascii_game.tlog\link.command.1.tlog
c:\p4\ascii invaders\ascii_game\ascii_game\debug\ascii_game.tlog\link.read.1.tlog
c:\p4\ascii invaders\ascii_game\ascii_game\debug\ascii_game.tlog\link.write.1.tlog
